<?xml version="1.0" encoding="UTF-8"?>
<!-- Generated by org.testng.reporters.JUnitReportReporter -->
<testsuite hostname="Viveks-MBP.home" failures="0" tests="1" name="sysconfig.Dev140_Test_userroles" time="36.124" errors="0" timestamp="2022-01-23T18:43:37 MST" skipped="0">
  <testcase classname="sysconfig.Dev140_Test_userroles" name="Add_UserRole" time="36.124"/>
  <system-out/>
</testsuite> <!-- sysconfig.Dev140_Test_userroles -->
